Сборка начата 29.04.2021 17:44:01.
Уровень детализации журнала: Normal.     1>Проект "C:\Users\Анна\Desktop\BSTU\2s 1k\алгоритмизация\14\1\1.vcxproj" в узле 2 (целевые объекты Build).
     1>InitializeBuildStatus:
         Создание "Debug\1.tlog\unsuccessfulbuild", так как было задано "AlwaysCreate".
       ClCompile:
         C:\Program Files (x86)\Microsoft Visual Studio\2019\Community\VC\Tools\MSVC\14.27.29110\bin\HostX86\x86\CL.exe /c /ZI /JMC /nologo /W3 /WX- /diagnostics:column /sdl /Od /Oy- /D WIN32 /D _DEBUG /D _CONSOLE /D _UNICODE /D UNICODE /Gm- /EHsc /RTC1 /MDd /GS /fp:precise /permissive- /Zc:wchar_t /Zc:forScope /Zc:inline /Fo"Debug\\" /Fd"Debug\vc142.pdb" /Gd /TP /analyze- /FC /errorReport:prompt hash.cpp
         hash.cpp
     1>C:\Users\Анна\Desktop\BSTU\2s 1k\алгоритмизация\14\1\hash.cpp(43,9): warning C4244: инициализация: преобразование "double" в "int", возможна потеря данных
     1>C:\Users\Анна\Desktop\BSTU\2s 1k\алгоритмизация\14\1\hash.cpp(44,9): warning C4244: инициализация: преобразование "double" в "int", возможна потеря данных
     1>C:\Users\Анна\Desktop\BSTU\2s 1k\алгоритмизация\14\1\hash.cpp(45,8): warning C4244: инициализация: преобразование "double" в "int", возможна потеря данных
     1>C:\Users\Анна\Desktop\BSTU\2s 1k\алгоритмизация\14\1\hash.cpp(65,68): warning C4244: return: преобразование "double" в "int", возможна потеря данных
       Link:
         C:\Program Files (x86)\Microsoft Visual Studio\2019\Community\VC\Tools\MSVC\14.27.29110\bin\HostX86\x86\link.exe /ERRORREPORT:PROMPT /OUT:"C:\Users\Анна\Desktop\BSTU\2s 1k\алгоритмизация\14\1\Debug\1.exe" /INCREMENTAL /NOLOGO kernel32.lib user32.lib gdi32.lib winspool.lib comdlg32.lib advapi32.lib shell32.lib ole32.lib oleaut32.lib uuid.lib odbc32.lib odbccp32.lib /MANIFEST /MANIFESTUAC:"level='asInvoker' uiAccess='false'" /manifest:embed /DEBUG:FASTLINK /PDB:"C:\Users\Анна\Desktop\BSTU\2s 1k\алгоритмизация\14\1\Debug\1.pdb" /SUBSYSTEM:CONSOLE /TLBID:1 /DYNAMICBASE /NXCOMPAT /IMPLIB:"C:\Users\Анна\Desktop\BSTU\2s 1k\алгоритмизация\14\1\Debug\1.lib" /MACHINE:X86 Debug\1.obj
         Debug\hash.obj
         1.vcxproj -> C:\Users\Анна\Desktop\BSTU\2s 1k\алгоритмизация\14\1\Debug\1.exe
       FinalizeBuildStatus:
         Файл "Debug\1.tlog\unsuccessfulbuild" удаляется.
         Обращение к "Debug\1.tlog\1.lastbuildstate".
     1>Сборка проекта "C:\Users\Анна\Desktop\BSTU\2s 1k\алгоритмизация\14\1\1.vcxproj" завершена (целевые объекты Build).

Сборка успешно завершена.

       "C:\Users\Анна\Desktop\BSTU\2s 1k\алгоритмизация\14\1\1.vcxproj" (целевой объект Build ) (1) ->
       (Целевой объект ClCompile) -> 
         C:\Users\Анна\Desktop\BSTU\2s 1k\алгоритмизация\14\1\hash.cpp(43,9): warning C4244: инициализация: преобразование "double" в "int", возможна потеря данных
         C:\Users\Анна\Desktop\BSTU\2s 1k\алгоритмизация\14\1\hash.cpp(44,9): warning C4244: инициализация: преобразование "double" в "int", возможна потеря данных
         C:\Users\Анна\Desktop\BSTU\2s 1k\алгоритмизация\14\1\hash.cpp(45,8): warning C4244: инициализация: преобразование "double" в "int", возможна потеря данных
         C:\Users\Анна\Desktop\BSTU\2s 1k\алгоритмизация\14\1\hash.cpp(65,68): warning C4244: return: преобразование "double" в "int", возможна потеря данных

    Предупреждений: 4
    Ошибок: 0

Прошло времени 00:00:07.45
